AH00558: apache2: Could not reliably determine the server's fully qualified domain name, using 172.19.0.4. Set the 'ServerName' directive globally to suppress this message
[Thu Jun 19 04:33:11.733358 2025] [mpm_prefork:notice] [pid 1] AH00163: Apache/2.4.56 (Debian) PHP/8.2.4 configured -- resuming normal operations
[Thu Jun 19 04:33:11.736220 2025] [core:notice] [pid 1] AH00094: Command line: 'apache2 -D FOREGROUND'
[Thu Jun 19 04:33:49.915880 2025] [mpm_prefork:notice] [pid 1] AH00170: caught SIGWINCH, shutting down gracefully
AH00558: apache2: Could not reliably determine the server's fully qualified domain name, using 172.19.0.4. Set the 'ServerName' directive globally to suppress this message
[Thu Jun 19 04:33:54.137094 2025] [mpm_prefork:notice] [pid 1] AH00163: Apache/2.4.56 (Debian) PHP/8.2.4 configured -- resuming normal operations
[Thu Jun 19 04:33:54.137725 2025] [core:notice] [pid 1] AH00094: Command line: 'apache2 -D FOREGROUND'
[Thu Jun 19 04:35:59.537864 2025] [mpm_prefork:notice] [pid 1] AH00170: caught SIGWINCH, shutting down gracefully
AH00558: apache2: Could not reliably determine the server's fully qualified domain name, using 172.19.0.4. Set the 'ServerName' directive globally to suppress this message
[Thu Jun 19 04:36:03.350313 2025] [mpm_prefork:notice] [pid 1] AH00163: Apache/2.4.56 (Debian) PHP/8.2.4 configured -- resuming normal operations
[Thu Jun 19 04:36:03.350981 2025] [core:notice] [pid 1] AH00094: Command line: 'apache2 -D FOREGROUND'
[Thu Jun 19 04:37:14.618288 2025] [mpm_prefork:notice] [pid 1] AH00170: caught SIGWINCH, shutting down gracefully
AH00558: apache2: Could not reliably determine the server's fully qualified domain name, using 172.19.0.4. Set the 'ServerName' directive globally to suppress this message
[Thu Jun 19 04:37:21.174789 2025] [mpm_prefork:notice] [pid 1] AH00163: Apache/2.4.56 (Debian) PHP/8.2.4 configured -- resuming normal operations
[Thu Jun 19 04:37:21.176691 2025] [core:notice] [pid 1] AH00094: Command line: 'apache2 -D FOREGROUND'
[Thu Jun 19 04:40:22.173225 2025] [mpm_prefork:notice] [pid 1] AH00170: caught SIGWINCH, shutting down gracefully
AH00558: apache2: Could not reliably determine the server's fully qualified domain name, using 172.19.0.4. Set the 'ServerName' directive globally to suppress this message
[Thu Jun 19 04:40:25.320863 2025] [mpm_prefork:notice] [pid 1] AH00163: Apache/2.4.56 (Debian) PHP/8.2.4 configured -- resuming normal operations
[Thu Jun 19 04:40:25.322204 2025] [core:notice] [pid 1] AH00094: Command line: 'apache2 -D FOREGROUND'
[Thu Jun 19 04:43:38.151636 2025] [mpm_prefork:notice] [pid 1] AH00170: caught SIGWINCH, shutting down gracefully
AH00558: apache2: Could not reliably determine the server's fully qualified domain name, using 172.19.0.4. Set the 'ServerName' directive globally to suppress this message
[Thu Jun 19 04:43:40.952616 2025] [mpm_prefork:notice] [pid 1] AH00163: Apache/2.4.56 (Debian) PHP/8.2.4 configured -- resuming normal operations
[Thu Jun 19 04:43:40.953130 2025] [core:notice] [pid 1] AH00094: Command line: 'apache2 -D FOREGROUND'
[Thu Jun 19 04:46:55.176344 2025] [mpm_prefork:notice] [pid 1] AH00170: caught SIGWINCH, shutting down gracefully
AH00558: apache2: Could not reliably determine the server's fully qualified domain name, using 172.19.0.4. Set the 'ServerName' directive globally to suppress this message
[Thu Jun 19 04:46:59.176084 2025] [mpm_prefork:notice] [pid 1] AH00163: Apache/2.4.56 (Debian) PHP/8.2.4 configured -- resuming normal operations
[Thu Jun 19 04:46:59.177086 2025] [core:notice] [pid 1] AH00094: Command line: 'apache2 -D FOREGROUND'
[Thu Jun 19 04:48:17.111633 2025] [mpm_prefork:notice] [pid 1] AH00170: caught SIGWINCH, shutting down gracefully
AH00558: apache2: Could not reliably determine the server's fully qualified domain name, using 172.19.0.4. Set the 'ServerName' directive globally to suppress this message
[Thu Jun 19 04:48:20.607681 2025] [mpm_prefork:notice] [pid 1] AH00163: Apache/2.4.56 (Debian) PHP/8.2.4 configured -- resuming normal operations
[Thu Jun 19 04:48:20.608674 2025] [core:notice] [pid 1] AH00094: Command line: 'apache2 -D FOREGROUND'
[Thu Jun 19 04:49:16.668513 2025] [mpm_prefork:notice] [pid 1] AH00170: caught SIGWINCH, shutting down gracefully
AH00558: apache2: Could not reliably determine the server's fully qualified domain name, using 172.19.0.4. Set the 'ServerName' directive globally to suppress this message
[Thu Jun 19 04:49:20.237643 2025] [mpm_prefork:notice] [pid 1] AH00163: Apache/2.4.56 (Debian) PHP/8.2.4 configured -- resuming normal operations
[Thu Jun 19 04:49:20.240157 2025] [core:notice] [pid 1] AH00094: Command line: 'apache2 -D FOREGROUND'
[Thu Jun 19 04:50:33.477446 2025] [mpm_prefork:notice] [pid 1] AH00170: caught SIGWINCH, shutting down gracefully
AH00558: apache2: Could not reliably determine the server's fully qualified domain name, using 172.19.0.4. Set the 'ServerName' directive globally to suppress this message
[Thu Jun 19 04:50:36.793854 2025] [mpm_prefork:notice] [pid 1] AH00163: Apache/2.4.56 (Debian) PHP/8.2.4 configured -- resuming normal operations
[Thu Jun 19 04:50:36.794298 2025] [core:notice] [pid 1] AH00094: Command line: 'apache2 -D FOREGROUND'
[Thu Jun 19 04:50:40.917371 2025] [php:error] [pid 17] [client 172.19.0.1:33010] script '/var/www/html/inicio.php' not found or unable to stat, referer: http://localhost/
[Thu Jun 19 04:50:42.118674 2025] [php:error] [pid 17] [client 172.19.0.1:33010] script '/var/www/html/inicio.php' not found or unable to stat, referer: http://localhost/inicio.php/
[Thu Jun 19 04:50:44.101859 2025] [php:error] [pid 17] [client 172.19.0.1:33010] script '/var/www/html/inicio.php' not found or unable to stat, referer: http://localhost/inicio.php/
[Thu Jun 19 04:51:11.279118 2025] [php:error] [pid 19] [client 172.19.0.1:40144] script '/var/www/html/inicio.php' not found or unable to stat, referer: http://localhost/iniciar-sesion.php
[Thu Jun 19 04:53:17.486333 2025] [php:error] [pid 20] [client 172.19.0.1:58562] script '/var/www/html/inicio.php' not found or unable to stat, referer: http://localhost/inicio.php/
[Thu Jun 19 04:53:22.050540 2025] [mpm_prefork:notice] [pid 1] AH00170: caught SIGWINCH, shutting down gracefully
AH00558: apache2: Could not reliably determine the server's fully qualified domain name, using 172.19.0.4. Set the 'ServerName' directive globally to suppress this message
[Thu Jun 19 04:53:30.035814 2025] [mpm_prefork:notice] [pid 1] AH00163: Apache/2.4.56 (Debian) PHP/8.2.4 configured -- resuming normal operations
[Thu Jun 19 04:53:30.039169 2025] [core:notice] [pid 1] AH00094: Command line: 'apache2 -D FOREGROUND'
[Thu Jun 19 04:53:46.808305 2025] [php:error] [pid 26] [client 172.19.0.1:40660] script '/var/www/html/inicio.php' not found or unable to stat, referer: http://localhost/iniciar-sesion.php
[Thu Jun 19 04:54:40.756524 2025] [mpm_prefork:notice] [pid 1] AH00170: caught SIGWINCH, shutting down gracefully
AH00558: apache2: Could not reliably determine the server's fully qualified domain name, using 172.19.0.4. Set the 'ServerName' directive globally to suppress this message
[Thu Jun 19 04:54:44.098003 2025] [mpm_prefork:notice] [pid 1] AH00163: Apache/2.4.56 (Debian) PHP/8.2.4 configured -- resuming normal operations
[Thu Jun 19 04:54:44.099695 2025] [core:notice] [pid 1] AH00094: Command line: 'apache2 -D FOREGROUND'
[Thu Jun 19 04:56:32.137472 2025] [mpm_prefork:notice] [pid 1] AH00170: caught SIGWINCH, shutting down gracefully
AH00558: apache2: Could not reliably determine the server's fully qualified domain name, using 172.19.0.4. Set the 'ServerName' directive globally to suppress this message
[Thu Jun 19 04:56:35.197058 2025] [mpm_prefork:notice] [pid 1] AH00163: Apache/2.4.56 (Debian) PHP/8.2.4 configured -- resuming normal operations
[Thu Jun 19 04:56:35.198077 2025] [core:notice] [pid 1] AH00094: Command line: 'apache2 -D FOREGROUND'
[Thu Jun 19 04:59:22.283888 2025] [mpm_prefork:notice] [pid 1] AH00170: caught SIGWINCH, shutting down gracefully
AH00558: apache2: Could not reliably determine the server's fully qualified domain name, using 172.19.0.4. Set the 'ServerName' directive globally to suppress this message
[Thu Jun 19 04:59:25.779243 2025] [mpm_prefork:notice] [pid 1] AH00163: Apache/2.4.56 (Debian) PHP/8.2.4 configured -- resuming normal operations
[Thu Jun 19 04:59:25.780413 2025] [core:notice] [pid 1] AH00094: Command line: 'apache2 -D FOREGROUND'
[Thu Jun 19 05:01:05.948177 2025] [mpm_prefork:notice] [pid 1] AH00170: caught SIGWINCH, shutting down gracefully
AH00558: apache2: Could not reliably determine the server's fully qualified domain name, using 172.19.0.4. Set the 'ServerName' directive globally to suppress this message
[Thu Jun 19 05:01:09.978465 2025] [mpm_prefork:notice] [pid 1] AH00163: Apache/2.4.56 (Debian) PHP/8.2.4 configured -- resuming normal operations
[Thu Jun 19 05:01:09.979113 2025] [core:notice] [pid 1] AH00094: Command line: 'apache2 -D FOREGROUND'
[Thu Jun 19 05:02:51.124519 2025] [mpm_prefork:notice] [pid 1] AH00170: caught SIGWINCH, shutting down gracefully
AH00558: apache2: Could not reliably determine the server's fully qualified domain name, using 172.19.0.4. Set the 'ServerName' directive globally to suppress this message
[Thu Jun 19 05:02:55.289393 2025] [mpm_prefork:notice] [pid 1] AH00163: Apache/2.4.56 (Debian) PHP/8.2.4 configured -- resuming normal operations
[Thu Jun 19 05:02:55.294154 2025] [core:notice] [pid 1] AH00094: Command line: 'apache2 -D FOREGROUND'
[Thu Jun 19 05:04:37.353229 2025] [mpm_prefork:notice] [pid 1] AH00170: caught SIGWINCH, shutting down gracefully
AH00558: apache2: Could not reliably determine the server's fully qualified domain name, using 172.19.0.4. Set the 'ServerName' directive globally to suppress this message
[Thu Jun 19 05:04:40.927321 2025] [mpm_prefork:notice] [pid 1] AH00163: Apache/2.4.56 (Debian) PHP/8.2.4 configured -- resuming normal operations
[Thu Jun 19 05:04:40.927756 2025] [core:notice] [pid 1] AH00094: Command line: 'apache2 -D FOREGROUND'
[Thu Jun 19 05:06:32.387076 2025] [mpm_prefork:notice] [pid 1] AH00170: caught SIGWINCH, shutting down gracefully
AH00558: apache2: Could not reliably determine the server's fully qualified domain name, using 172.19.0.4. Set the 'ServerName' directive globally to suppress this message
[Thu Jun 19 05:06:35.827788 2025] [mpm_prefork:notice] [pid 1] AH00163: Apache/2.4.56 (Debian) PHP/8.2.4 configured -- resuming normal operations
[Thu Jun 19 05:06:35.831900 2025] [core:notice] [pid 1] AH00094: Command line: 'apache2 -D FOREGROUND'
[Thu Jun 19 05:08:06.110362 2025] [mpm_prefork:notice] [pid 1] AH00170: caught SIGWINCH, shutting down gracefully
AH00558: apache2: Could not reliably determine the server's fully qualified domain name, using 172.19.0.4. Set the 'ServerName' directive globally to suppress this message
[Thu Jun 19 05:08:09.840215 2025] [mpm_prefork:notice] [pid 1] AH00163: Apache/2.4.56 (Debian) PHP/8.2.4 configured -- resuming normal operations
[Thu Jun 19 05:08:09.840697 2025] [core:notice] [pid 1] AH00094: Command line: 'apache2 -D FOREGROUND'
[Thu Jun 19 05:08:10.682333 2025] [autoindex:error] [pid 17] [client 172.19.0.1:59156] AH01276: Cannot serve directory /var/www/html/: No matching DirectoryIndex (index.php,index.html) found, and server-generated directory index forbidden by Options directive
[Thu Jun 19 05:08:13.168416 2025] [autoindex:error] [pid 17] [client 172.19.0.1:59156] AH01276: Cannot serve directory /var/www/html/: No matching DirectoryIndex (index.php,index.html) found, and server-generated directory index forbidden by Options directive
[Thu Jun 19 05:08:41.849361 2025] [mpm_prefork:notice] [pid 1] AH00170: caught SIGWINCH, shutting down gracefully
AH00558: apache2: Could not reliably determine the server's fully qualified domain name, using 172.19.0.4. Set the 'ServerName' directive globally to suppress this message
[Thu Jun 19 05:08:45.528521 2025] [mpm_prefork:notice] [pid 1] AH00163: Apache/2.4.56 (Debian) PHP/8.2.4 configured -- resuming normal operations
[Thu Jun 19 05:08:45.529963 2025] [core:notice] [pid 1] AH00094: Command line: 'apache2 -D FOREGROUND'
[Thu Jun 19 05:09:26.967380 2025] [mpm_prefork:notice] [pid 1] AH00170: caught SIGWINCH, shutting down gracefully
AH00558: apache2: Could not reliably determine the server's fully qualified domain name, using 172.19.0.4. Set the 'ServerName' directive globally to suppress this message
[Thu Jun 19 05:09:30.232970 2025] [mpm_prefork:notice] [pid 1] AH00163: Apache/2.4.56 (Debian) PHP/8.2.4 configured -- resuming normal operations
[Thu Jun 19 05:09:30.233357 2025] [core:notice] [pid 1] AH00094: Command line: 'apache2 -D FOREGROUND'
[Thu Jun 19 05:17:07.081563 2025] [mpm_prefork:notice] [pid 1] AH00170: caught SIGWINCH, shutting down gracefully
AH00558: apache2: Could not reliably determine the server's fully qualified domain name, using 172.19.0.4. Set the 'ServerName' directive globally to suppress this message
[Thu Jun 19 05:17:09.878571 2025] [mpm_prefork:notice] [pid 1] AH00163: Apache/2.4.56 (Debian) PHP/8.2.4 configured -- resuming normal operations
[Thu Jun 19 05:17:09.878880 2025] [core:notice] [pid 1] AH00094: Command line: 'apache2 -D FOREGROUND'
[Thu Jun 19 05:17:52.668293 2025] [mpm_prefork:notice] [pid 1] AH00170: caught SIGWINCH, shutting down gracefully
AH00558: apache2: Could not reliably determine the server's fully qualified domain name, using 172.19.0.4. Set the 'ServerName' directive globally to suppress this message
[Thu Jun 19 05:17:55.820590 2025] [mpm_prefork:notice] [pid 1] AH00163: Apache/2.4.56 (Debian) PHP/8.2.4 configured -- resuming normal operations
[Thu Jun 19 05:17:55.820993 2025] [core:notice] [pid 1] AH00094: Command line: 'apache2 -D FOREGROUND'
[Thu Jun 19 05:19:28.862238 2025] [mpm_prefork:notice] [pid 1] AH00170: caught SIGWINCH, shutting down gracefully
